<?xml version="1.0" encoding="UTF-8"?>
<!-- Generated by org.testng.reporters.JUnitReportReporter -->
<testsuite hostname="DESKTOP-U1MG85P" failures="0" tests="11" name="com.videostori.testcases.TC010_manageplaytemplate" time="73.425" errors="0" timestamp="2024-04-24T14:13:19 IST" skipped="0">
  <testcase classname="com.videostori.testcases.TC010_manageplaytemplate" name="loginforall" time="5.990"/>
  <testcase classname="com.videostori.testcases.TC010_manageplaytemplate" name="manageplaytemplateone" time="6.292"/>
  <testcase classname="com.videostori.testcases.TC010_manageplaytemplate" name="manageplaytemplatetwo" time="5.879"/>
  <testcase classname="com.videostori.testcases.TC010_manageplaytemplate" name="manageplaytemplatethree" time="6.175"/>
  <testcase classname="com.videostori.testcases.TC010_manageplaytemplate" name="manageplaytemplatefour" time="7.910"/>
  <testcase classname="com.videostori.testcases.TC010_manageplaytemplate" name="manageplaytemplateinvalidfacebookurl" time="6.564"/>
  <testcase classname="com.videostori.testcases.TC010_manageplaytemplate" name="manageplaytemplateinvalidinstagramurl" time="6.955"/>
  <testcase classname="com.videostori.testcases.TC010_manageplaytemplate" name="manageplaytemplateinvalidtwitterurl" time="6.933"/>
  <testcase classname="com.videostori.testcases.TC010_manageplaytemplate" name="manageplaytemplateinvalidpinteresturl" time="7.051"/>
  <testcase classname="com.videostori.testcases.TC010_manageplaytemplate" name="manageplaytemplateinvalidyoutubeurl" time="6.746"/>
  <testcase classname="com.videostori.testcases.TC010_manageplaytemplate" name="manageplaytemplateinvalidsnapchaturl" time="6.930"/>
</testsuite> <!-- com.videostori.testcases.TC010_manageplaytemplate -->
