<?xml version="1.0" encoding="UTF-8"?>
<!-- Generated by org.testng.reporters.JUnitReportReporter -->
<testsuite hostname="DESKTOP-U1MG85P" failures="0" tests="3" name="com.videostori.testcases.TC07_createvideofromdocument" time="10.946" errors="0" timestamp="2024-04-24T14:13:19 IST" skipped="1">
  <testcase classname="com.videostori.testcases.TC07_createvideofromdocument" name="loginforall" time="7.909"/>
  <testcase classname="com.videostori.testcases.TC07_createvideofromdocument" name="CreateVideoDocumentwithoutselectingframe" time="3.037"/>
  <testcase classname="com.videostori.testcases.TC07_createvideofromdocument" name="CreateVideoDocumentppt">
    <skipped/>
  </testcase> <!-- CreateVideoDocumentppt -->
</testsuite> <!-- com.videostori.testcases.TC07_createvideofromdocument -->
